Build started 6/9/2015 7:58:54 PM.
     1>Project "C:\Users\niggles\Desktop\cs3201\CS3201SPA\CS3201SPA\CS3201SPA.vcxproj" on node 2 (Build target(s)).
     1>ClCompile:
         D:\Visual Studio 2015\VC\bin\CL.exe /c /ZI /nologo /W3 /WX- /sdl /Od /Oy- /D _MBCS /Gm /EHsc /RTC1 /MDd /GS /fp:precise /Zc:wchar_t /Zc:forScope /Zc:inline /Fo"Debug\\" /Fd"Debug\vc140.pdb" /Gd /TP /analyze- /errorReport:prompt QE.cpp Query.cpp
         Query.cpp
     1>c:\users\niggles\desktop\cs3201\cs3201spa\cs3201spa\query.cpp(23): error C2371: 'type': redefinition; different basic types
         c:\users\niggles\desktop\cs3201\cs3201spa\cs3201spa\query.cpp(19): note: see declaration of 'type'
         QE.cpp
     1>c:\users\niggles\desktop\cs3201\cs3201spa\cs3201spa\qe.cpp(38): warning C4018: '<': signed/unsigned mismatch
     1>c:\users\niggles\desktop\cs3201\cs3201spa\cs3201spa\qe.cpp(168): warning C4018: '<': signed/unsigned mismatch
     1>c:\users\niggles\desktop\cs3201\cs3201spa\cs3201spa\qe.cpp(192): warning C4018: '<': signed/unsigned mismatch
     1>c:\users\niggles\desktop\cs3201\cs3201spa\cs3201spa\qe.cpp(207): warning C4018: '<': signed/unsigned mismatch
     1>c:\users\niggles\desktop\cs3201\cs3201spa\cs3201spa\qe.cpp(230): warning C4018: '<': signed/unsigned mismatch
     1>c:\users\niggles\desktop\cs3201\cs3201spa\cs3201spa\qe.cpp(242): error C2678: binary '!=': no operator found which takes a left-hand operand of type 'std::string' (or there is no acceptable conversion)
         d:\visual studio 2015\vc\include\system_error(409): note: could be 'bool std::operator !=(const std::error_condition &,const std::error_condition &) noexcept'
         d:\visual studio 2015\vc\include\system_error(402): note: or       'bool std::operator !=(const std::error_condition &,const std::error_code &) noexcept'
         d:\visual studio 2015\vc\include\system_error(395): note: or       'bool std::operator !=(const std::error_code &,const std::error_condition &) noexcept'
         d:\visual studio 2015\vc\include\system_error(388): note: or       'bool std::operator !=(const std::error_code &,const std::error_code &) noexcept'
         d:\visual studio 2015\vc\include\exception(356): note: or       'bool std::operator !=(const std::exception_ptr &,std::nullptr_t) throw()'
         d:\visual studio 2015\vc\include\exception(351): note: or       'bool std::operator !=(std::nullptr_t,const std::exception_ptr &) throw()'
         d:\visual studio 2015\vc\include\exception(346): note: or       'bool std::operator !=(const std::exception_ptr &,const std::exception_ptr &) throw()'
         c:\users\niggles\desktop\cs3201\cs3201spa\cs3201spa\qe.cpp(242): note: while trying to match the argument list '(std::string, stmtType)'
     1>c:\users\niggles\desktop\cs3201\cs3201spa\cs3201spa\qe.cpp(246): warning C4018: '<': signed/unsigned mismatch
     1>c:\users\niggles\desktop\cs3201\cs3201spa\cs3201spa\qe.cpp(253): warning C4018: '<': signed/unsigned mismatch
     1>c:\users\niggles\desktop\cs3201\cs3201spa\cs3201spa\qe.cpp(254): warning C4018: '<': signed/unsigned mismatch
     1>c:\users\niggles\desktop\cs3201\cs3201spa\cs3201spa\qe.cpp(269): error C2678: binary '!=': no operator found which takes a left-hand operand of type 'std::string' (or there is no acceptable conversion)
         d:\visual studio 2015\vc\include\system_error(409): note: could be 'bool std::operator !=(const std::error_condition &,const std::error_condition &) noexcept'
         d:\visual studio 2015\vc\include\system_error(402): note: or       'bool std::operator !=(const std::error_condition &,const std::error_code &) noexcept'
         d:\visual studio 2015\vc\include\system_error(395): note: or       'bool std::operator !=(const std::error_code &,const std::error_condition &) noexcept'
         d:\visual studio 2015\vc\include\system_error(388): note: or       'bool std::operator !=(const std::error_code &,const std::error_code &) noexcept'
         d:\visual studio 2015\vc\include\exception(356): note: or       'bool std::operator !=(const std::exception_ptr &,std::nullptr_t) throw()'
         d:\visual studio 2015\vc\include\exception(351): note: or       'bool std::operator !=(std::nullptr_t,const std::exception_ptr &) throw()'
         d:\visual studio 2015\vc\include\exception(346): note: or       'bool std::operator !=(const std::exception_ptr &,const std::exception_ptr &) throw()'
         c:\users\niggles\desktop\cs3201\cs3201spa\cs3201spa\qe.cpp(269): note: while trying to match the argument list '(std::string, stmtType)'
     1>c:\users\niggles\desktop\cs3201\cs3201spa\cs3201spa\qe.cpp(273): warning C4018: '<': signed/unsigned mismatch
     1>c:\users\niggles\desktop\cs3201\cs3201spa\cs3201spa\qe.cpp(286): warning C4018: '<': signed/unsigned mismatch
     1>c:\users\niggles\desktop\cs3201\cs3201spa\cs3201spa\qe.cpp(302): warning C4018: '<': signed/unsigned mismatch
     1>c:\users\niggles\desktop\cs3201\cs3201spa\cs3201spa\qe.cpp(319): error C2678: binary '!=': no operator found which takes a left-hand operand of type 'std::string' (or there is no acceptable conversion)
         d:\visual studio 2015\vc\include\system_error(409): note: could be 'bool std::operator !=(const std::error_condition &,const std::error_condition &) noexcept'
         d:\visual studio 2015\vc\include\system_error(402): note: or       'bool std::operator !=(const std::error_condition &,const std::error_code &) noexcept'
         d:\visual studio 2015\vc\include\system_error(395): note: or       'bool std::operator !=(const std::error_code &,const std::error_condition &) noexcept'
         d:\visual studio 2015\vc\include\system_error(388): note: or       'bool std::operator !=(const std::error_code &,const std::error_code &) noexcept'
         d:\visual studio 2015\vc\include\exception(356): note: or       'bool std::operator !=(const std::exception_ptr &,std::nullptr_t) throw()'
         d:\visual studio 2015\vc\include\exception(351): note: or       'bool std::operator !=(std::nullptr_t,const std::exception_ptr &) throw()'
         d:\visual studio 2015\vc\include\exception(346): note: or       'bool std::operator !=(const std::exception_ptr &,const std::exception_ptr &) throw()'
         c:\users\niggles\desktop\cs3201\cs3201spa\cs3201spa\qe.cpp(319): note: while trying to match the argument list '(std::string, stmtType)'
     1>c:\users\niggles\desktop\cs3201\cs3201spa\cs3201spa\qe.cpp(323): warning C4018: '<': signed/unsigned mismatch
     1>c:\users\niggles\desktop\cs3201\cs3201spa\cs3201spa\qe.cpp(329): warning C4018: '<': signed/unsigned mismatch
     1>c:\users\niggles\desktop\cs3201\cs3201spa\cs3201spa\qe.cpp(330): warning C4018: '<': signed/unsigned mismatch
     1>c:\users\niggles\desktop\cs3201\cs3201spa\cs3201spa\qe.cpp(345): error C2678: binary '!=': no operator found which takes a left-hand operand of type 'std::string' (or there is no acceptable conversion)
         d:\visual studio 2015\vc\include\system_error(409): note: could be 'bool std::operator !=(const std::error_condition &,const std::error_condition &) noexcept'
         d:\visual studio 2015\vc\include\system_error(402): note: or       'bool std::operator !=(const std::error_condition &,const std::error_code &) noexcept'
         d:\visual studio 2015\vc\include\system_error(395): note: or       'bool std::operator !=(const std::error_code &,const std::error_condition &) noexcept'
         d:\visual studio 2015\vc\include\system_error(388): note: or       'bool std::operator !=(const std::error_code &,const std::error_code &) noexcept'
         d:\visual studio 2015\vc\include\exception(356): note: or       'bool std::operator !=(const std::exception_ptr &,std::nullptr_t) throw()'
         d:\visual studio 2015\vc\include\exception(351): note: or       'bool std::operator !=(std::nullptr_t,const std::exception_ptr &) throw()'
         d:\visual studio 2015\vc\include\exception(346): note: or       'bool std::operator !=(const std::exception_ptr &,const std::exception_ptr &) throw()'
         c:\users\niggles\desktop\cs3201\cs3201spa\cs3201spa\qe.cpp(345): note: while trying to match the argument list '(std::string, stmtType)'
     1>c:\users\niggles\desktop\cs3201\cs3201spa\cs3201spa\qe.cpp(349): warning C4018: '<': signed/unsigned mismatch
     1>c:\users\niggles\desktop\cs3201\cs3201spa\cs3201spa\qe.cpp(365): warning C4018: '<': signed/unsigned mismatch
     1>c:\users\niggles\desktop\cs3201\cs3201spa\cs3201spa\qe.cpp(390): warning C4018: '<': signed/unsigned mismatch
     1>c:\users\niggles\desktop\cs3201\cs3201spa\cs3201spa\qe.cpp(416): warning C4018: '<': signed/unsigned mismatch
     1>c:\users\niggles\desktop\cs3201\cs3201spa\cs3201spa\qe.cpp(421): warning C4018: '<': signed/unsigned mismatch
     1>c:\users\niggles\desktop\cs3201\cs3201spa\cs3201spa\qe.cpp(422): warning C4018: '<': signed/unsigned mismatch
     1>c:\users\niggles\desktop\cs3201\cs3201spa\cs3201spa\qe.cpp(431): warning C4018: '<': signed/unsigned mismatch
     1>c:\users\niggles\desktop\cs3201\cs3201spa\cs3201spa\qe.cpp(432): warning C4018: '<': signed/unsigned mismatch
     1>c:\users\niggles\desktop\cs3201\cs3201spa\cs3201spa\qe.cpp(442): warning C4018: '<': signed/unsigned mismatch
     1>c:\users\niggles\desktop\cs3201\cs3201spa\cs3201spa\qe.cpp(447): warning C4018: '<': signed/unsigned mismatch
     1>c:\users\niggles\desktop\cs3201\cs3201spa\cs3201spa\qe.cpp(448): warning C4018: '<': signed/unsigned mismatch
     1>c:\users\niggles\desktop\cs3201\cs3201spa\cs3201spa\qe.cpp(457): warning C4018: '<': signed/unsigned mismatch
     1>c:\users\niggles\desktop\cs3201\cs3201spa\cs3201spa\qe.cpp(458): warning C4018: '<': signed/unsigned mismatch
     1>c:\users\niggles\desktop\cs3201\cs3201spa\cs3201spa\qe.cpp(473): warning C4018: '<': signed/unsigned mismatch
     1>c:\users\niggles\desktop\cs3201\cs3201spa\cs3201spa\qe.cpp(487): warning C4018: '<': signed/unsigned mismatch
     1>c:\users\niggles\desktop\cs3201\cs3201spa\cs3201spa\qe.cpp(505): warning C4018: '<': signed/unsigned mismatch
     1>c:\users\niggles\desktop\cs3201\cs3201spa\cs3201spa\qe.cpp(510): warning C4018: '<': signed/unsigned mismatch
     1>c:\users\niggles\desktop\cs3201\cs3201spa\cs3201spa\qe.cpp(511): warning C4018: '<': signed/unsigned mismatch
     1>c:\users\niggles\desktop\cs3201\cs3201spa\cs3201spa\qe.cpp(520): warning C4018: '<': signed/unsigned mismatch
     1>c:\users\niggles\desktop\cs3201\cs3201spa\cs3201spa\qe.cpp(521): warning C4018: '<': signed/unsigned mismatch
     1>c:\users\niggles\desktop\cs3201\cs3201spa\cs3201spa\qe.cpp(531): warning C4018: '<': signed/unsigned mismatch
     1>c:\users\niggles\desktop\cs3201\cs3201spa\cs3201spa\qe.cpp(536): warning C4018: '<': signed/unsigned mismatch
     1>c:\users\niggles\desktop\cs3201\cs3201spa\cs3201spa\qe.cpp(537): warning C4018: '<': signed/unsigned mismatch
     1>c:\users\niggles\desktop\cs3201\cs3201spa\cs3201spa\qe.cpp(546): warning C4018: '<': signed/unsigned mismatch
     1>c:\users\niggles\desktop\cs3201\cs3201spa\cs3201spa\qe.cpp(547): warning C4018: '<': signed/unsigned mismatch
     1>c:\users\niggles\desktop\cs3201\cs3201spa\cs3201spa\qe.cpp(563): warning C4018: '<': signed/unsigned mismatch
     1>c:\users\niggles\desktop\cs3201\cs3201spa\cs3201spa\qe.cpp(596): error C2440: 'initializing': cannot convert from 'std::string' to 'stmtType'
         c:\users\niggles\desktop\cs3201\cs3201spa\cs3201spa\qe.cpp(596): note: No user-defined-conversion operator available that can perform this conversion, or the operator cannot be called
     1>c:\users\niggles\desktop\cs3201\cs3201spa\cs3201spa\qe.cpp(597): error C2440: 'initializing': cannot convert from 'std::string' to 'stmtType'
         c:\users\niggles\desktop\cs3201\cs3201spa\cs3201spa\qe.cpp(597): note: No user-defined-conversion operator available that can perform this conversion, or the operator cannot be called
     1>c:\users\niggles\desktop\cs3201\cs3201spa\cs3201spa\qe.cpp(606): warning C4018: '<': signed/unsigned mismatch
     1>c:\users\niggles\desktop\cs3201\cs3201spa\cs3201spa\qe.cpp(617): warning C4018: '<': signed/unsigned mismatch
     1>c:\users\niggles\desktop\cs3201\cs3201spa\cs3201spa\qe.cpp(632): error C2440: 'initializing': cannot convert from 'std::string' to 'stmtType'
         c:\users\niggles\desktop\cs3201\cs3201spa\cs3201spa\qe.cpp(632): note: No user-defined-conversion operator available that can perform this conversion, or the operator cannot be called
     1>c:\users\niggles\desktop\cs3201\cs3201spa\cs3201spa\qe.cpp(638): warning C4018: '<': signed/unsigned mismatch
     1>c:\users\niggles\desktop\cs3201\cs3201spa\cs3201spa\qe.cpp(652): warning C4018: '<': signed/unsigned mismatch
     1>c:\users\niggles\desktop\cs3201\cs3201spa\cs3201spa\qe.cpp(663): warning C4018: '<': signed/unsigned mismatch
     1>c:\users\niggles\desktop\cs3201\cs3201spa\cs3201spa\qe.cpp(674): warning C4018: '<': signed/unsigned mismatch
         Generating Code...
     1>Done Building Project "C:\Users\niggles\Desktop\cs3201\CS3201SPA\CS3201SPA\CS3201SPA.vcxproj" (Build target(s)) -- FAILED.

Build FAILED.

Time Elapsed 00:00:02.51
