c:\users\niggles\desktop\cs3201\cs3201spa\cs3201spa\debug\vc140.pdb
c:\users\niggles\desktop\cs3201\cs3201spa\cs3201spa\debug\vc140.idb
c:\users\niggles\desktop\cs3201\cs3201spa\cs3201spa\debug\ast.obj
c:\users\niggles\desktop\cs3201\cs3201spa\cs3201spa\debug\main.obj
c:\users\niggles\desktop\cs3201\cs3201spa\cs3201spa\debug\followtable.obj
c:\users\niggles\desktop\cs3201\cs3201spa\cs3201spa\debug\linetoken.obj
c:\users\niggles\desktop\cs3201\cs3201spa\cs3201spa\debug\linetokenizer.obj
c:\users\niggles\desktop\cs3201\cs3201spa\cs3201spa\debug\modusetable.obj
c:\users\niggles\desktop\cs3201\cs3201spa\cs3201spa\debug\parenttable.obj
c:\users\niggles\desktop\cs3201\cs3201spa\cs3201spa\debug\parser.obj
c:\users\niggles\desktop\cs3201\cs3201spa\cs3201spa\debug\qp.obj
c:\users\niggles\desktop\cs3201\cs3201spa\cs3201spa\debug\qe.obj
c:\users\niggles\desktop\cs3201\cs3201spa\cs3201spa\debug\pkb.obj
c:\users\niggles\desktop\cs3201\cs3201spa\cs3201spa\debug\query.obj
c:\users\niggles\desktop\cs3201\cs3201spa\cs3201spa\debug\statementtable.obj
c:\users\niggles\desktop\cs3201\cs3201spa\cs3201spa\debug\tnode.obj
c:\users\niggles\desktop\cs3201\cs3201spa\debug\cs3201spa.ilk
c:\users\niggles\desktop\cs3201\cs3201spa\debug\cs3201spa.exe
c:\users\niggles\desktop\cs3201\cs3201spa\debug\cs3201spa.pdb
c:\users\niggles\desktop\cs3201\cs3201spa\cs3201spa\debug\cs3201spa.tlog\cl.command.1.tlog
c:\users\niggles\desktop\cs3201\cs3201spa\cs3201spa\debug\cs3201spa.tlog\cl.read.1.tlog
c:\users\niggles\desktop\cs3201\cs3201spa\cs3201spa\debug\cs3201spa.tlog\cl.write.1.tlog
c:\users\niggles\desktop\cs3201\cs3201spa\cs3201spa\debug\cs3201spa.tlog\link.command.1.tlog
c:\users\niggles\desktop\cs3201\cs3201spa\cs3201spa\debug\cs3201spa.tlog\link.read.1.tlog
c:\users\niggles\desktop\cs3201\cs3201spa\cs3201spa\debug\cs3201spa.tlog\link.write.1.tlog
